[ 2013-12-04T14:16:33+08:00 ] 127.0.0.1 /rangjiajie/
INFO: [ app_begin ] --START--
INFO: ReadHtmlCache Behavior ::run [ RunTime:0.003927s ]
INFO: [ app_begin ] --END-- [ RunTime:0.011383s ]
INFO: [ view_parse ] --START--
NOTIC: [8] Undefined offset: 1 E:\wamp\www\rangjiajie\ThinkPHP\Lib\Driver\TagLib\TagLibCx.class.php 第 524 行.
NOTIC: [8] Undefined offset: 1 E:\wamp\www\rangjiajie\ThinkPHP\Lib\Driver\TagLib\TagLibCx.class.php 第 524 行.
NOTIC: [8] Undefined variable: keywords E:\wamp\www\rangjiajie\shop\Runtime\Cache\Index\ee5511f737b866921ae008633bf4d574.php 第 5 行.
NOTIC: [8] Undefined variable: description E:\wamp\www\rangjiajie\shop\Runtime\Cache\Index\ee5511f737b866921ae008633bf4d574.php 第 6 行.
NOTIC: [8] Undefined variable: page_title E:\wamp\www\rangjiajie\shop\Runtime\Cache\Index\ee5511f737b866921ae008633bf4d574.php 第 8 行.
NOTIC: [8] Undefined variable: page_title E:\wamp\www\rangjiajie\shop\Runtime\Cache\Index\ee5511f737b866921ae008633bf4d574.php 第 15 行.
NOTIC: [8] Undefined variable: feed_url E:\wamp\www\rangjiajie\shop\Runtime\Cache\Index\ee5511f737b866921ae008633bf4d574.php 第 15 行.
NOTIC: [8] Undefined variable: lang E:\wamp\www\rangjiajie\shop\Runtime\Cache\Index\ee5511f737b866921ae008633bf4d574.php 第 22 行.
NOTIC: [8] Undefined variable: nav E:\wamp\www\rangjiajie\shop\Runtime\Cache\Index\ee5511f737b866921ae008633bf4d574.php 第 86 行.
NOTIC: [8] Undefined variable: nav E:\wamp\www\rangjiajie\shop\Runtime\Cache\Index\ee5511f737b866921ae008633bf4d574.php 第 90 行.
NOTIC: [8] Undefined variable: lang E:\wamp\www\rangjiajie\shop\Runtime\Cache\Index\ee5511f737b866921ae008633bf4d574.php 第 134 行.
NOTIC: [8] Undefined variable: nav E:\wamp\www\rangjiajie\shop\Runtime\Cache\Index\ee5511f737b866921ae008633bf4d574.php 第 136 行.
NOTIC: [8] Undefined variable: nav E:\wamp\www\rangjiajie\shop\Runtime\Cache\Index\ee5511f737b866921ae008633bf4d574.php 第 137 行.
NOTIC: [8] Undefined variable: lang E:\wamp\www\rangjiajie\shop\Runtime\Cache\Index\ee5511f737b866921ae008633bf4d574.php 第 155 行.
NOTIC: [8] Undefined variable: search_keywords E:\wamp\www\rangjiajie\shop\Runtime\Cache\Index\ee5511f737b866921ae008633bf4d574.php 第 163 行.
NOTIC: [8] Undefined variable: val E:\wamp\www\rangjiajie\shop\Runtime\Cache\Index\ee5511f737b866921ae008633bf4d574.php 第 174 行.
NOTIC: [8] Undefined variable: val E:\wamp\www\rangjiajie\shop\Runtime\Cache\Index\ee5511f737b866921ae008633bf4d574.php 第 174 行.
NOTIC: [8] Undefined variable: cat E:\wamp\www\rangjiajie\shop\Runtime\Cache\Index\ee5511f737b866921ae008633bf4d574.php 第 201 行.
NOTIC: [8] Undefined variable: cat E:\wamp\www\rangjiajie\shop\Runtime\Cache\Index\ee5511f737b866921ae008633bf4d574.php 第 201 行.
NOTIC: [8] Undefined variable: child E:\wamp\www\rangjiajie\shop\Runtime\Cache\Index\ee5511f737b866921ae008633bf4d574.php 第 205 行.
NOTIC: [8] Undefined variable: child E:\wamp\www\rangjiajie\shop\Runtime\Cache\Index\ee5511f737b866921ae008633bf4d574.php 第 205 行.
NOTIC: [8] Undefined variable: goods E:\wamp\www\rangjiajie\shop\Runtime\Cache\Index\ee5511f737b866921ae008633bf4d574.php 第 238 行.
NOTIC: [8] Undefined variable: goods E:\wamp\www\rangjiajie\shop\Runtime\Cache\Index\ee5511f737b866921ae008633bf4d574.php 第 238 行.
NOTIC: [8] Undefined variable: goods E:\wamp\www\rangjiajie\shop\Runtime\Cache\Index\ee5511f737b866921ae008633bf4d574.php 第 238 行.
NOTIC: [8] Undefined variable: goods E:\wamp\www\rangjiajie\shop\Runtime\Cache\Index\ee5511f737b866921ae008633bf4d574.php 第 239 行.
NOTIC: [8] Undefined variable: goods E:\wamp\www\rangjiajie\shop\Runtime\Cache\Index\ee5511f737b866921ae008633bf4d574.php 第 239 行.
NOTIC: [8] Undefined variable: goods E:\wamp\www\rangjiajie\shop\Runtime\Cache\Index\ee5511f737b866921ae008633bf4d574.php 第 239 行.
NOTIC: [8] Undefined variable: lang E:\wamp\www\rangjiajie\shop\Runtime\Cache\Index\ee5511f737b866921ae008633bf4d574.php 第 240 行.
NOTIC: [8] Undefined variable: goods E:\wamp\www\rangjiajie\shop\Runtime\Cache\Index\ee5511f737b866921ae008633bf4d574.php 第 240 行.
NOTIC: [8] Undefined variable: goods E:\wamp\www\rangjiajie\shop\Runtime\Cache\Index\ee5511f737b866921ae008633bf4d574.php 第 274 行.
NOTIC: [8] Undefined variable: goods E:\wamp\www\rangjiajie\shop\Runtime\Cache\Index\ee5511f737b866921ae008633bf4d574.php 第 274 行.
NOTIC: [8] Undefined variable: goods E:\wamp\www\rangjiajie\shop\Runtime\Cache\Index\ee5511f737b866921ae008633bf4d574.php 第 274 行.
NOTIC: [8] Undefined variable: goods E:\wamp\www\rangjiajie\shop\Runtime\Cache\Index\ee5511f737b866921ae008633bf4d574.php 第 275 行.
NOTIC: [8] Undefined variable: goods E:\wamp\www\rangjiajie\shop\Runtime\Cache\Index\ee5511f737b866921ae008633bf4d574.php 第 275 行.
NOTIC: [8] Undefined variable: goods E:\wamp\www\rangjiajie\shop\Runtime\Cache\Index\ee5511f737b866921ae008633bf4d574.php 第 275 行.
NOTIC: [8] Undefined variable: goods E:\wamp\www\rangjiajie\shop\Runtime\Cache\Index\ee5511f737b866921ae008633bf4d574.php 第 278 行.
NOTIC: [8] Undefined variable: goods E:\wamp\www\rangjiajie\shop\Runtime\Cache\Index\ee5511f737b866921ae008633bf4d574.php 第 282 行.
NOTIC: [8] Undefined variable: goods E:\wamp\www\rangjiajie\shop\Runtime\Cache\Index\ee5511f737b866921ae008633bf4d574.php 第 284 行.
NOTIC: [8] Undefined variable: goods E:\wamp\www\rangjiajie\shop\Runtime\Cache\Index\ee5511f737b866921ae008633bf4d574.php 第 312 行.
NOTIC: [8] Undefined variable: goods E:\wamp\www\rangjiajie\shop\Runtime\Cache\Index\ee5511f737b866921ae008633bf4d574.php 第 312 行.
NOTIC: [8] Undefined variable: goods E:\wamp\www\rangjiajie\shop\Runtime\Cache\Index\ee5511f737b866921ae008633bf4d574.php 第 312 行.
NOTIC: [8] Undefined variable: goods E:\wamp\www\rangjiajie\shop\Runtime\Cache\Index\ee5511f737b866921ae008633bf4d574.php 第 313 行.
NOTIC: [8] Undefined variable: goods E:\wamp\www\rangjiajie\shop\Runtime\Cache\Index\ee5511f737b866921ae008633bf4d574.php 第 313 行.
NOTIC: [8] Undefined variable: goods E:\wamp\www\rangjiajie\shop\Runtime\Cache\Index\ee5511f737b866921ae008633bf4d574.php 第 313 行.
NOTIC: [8] Undefined variable: goods E:\wamp\www\rangjiajie\shop\Runtime\Cache\Index\ee5511f737b866921ae008633bf4d574.php 第 316 行.
NOTIC: [8] Undefined variable: goods E:\wamp\www\rangjiajie\shop\Runtime\Cache\Index\ee5511f737b866921ae008633bf4d574.php 第 320 行.
NOTIC: [8] Undefined variable: goods E:\wamp\www\rangjiajie\shop\Runtime\Cache\Index\ee5511f737b866921ae008633bf4d574.php 第 322 行.
NOTIC: [8] Undefined variable: goods E:\wamp\www\rangjiajie\shop\Runtime\Cache\Index\ee5511f737b866921ae008633bf4d574.php 第 350 行.
NOTIC: [8] Undefined variable: goods E:\wamp\www\rangjiajie\shop\Runtime\Cache\Index\ee5511f737b866921ae008633bf4d574.php 第 350 行.
NOTIC: [8] Undefined variable: goods E:\wamp\www\rangjiajie\shop\Runtime\Cache\Index\ee5511f737b866921ae008633bf4d574.php 第 350 行.
NOTIC: [8] Undefined variable: goods E:\wamp\www\rangjiajie\shop\Runtime\Cache\Index\ee5511f737b866921ae008633bf4d574.php 第 351 行.
NOTIC: [8] Undefined variable: goods E:\wamp\www\rangjiajie\shop\Runtime\Cache\Index\ee5511f737b866921ae008633bf4d574.php 第 351 行.
NOTIC: [8] Undefined variable: goods E:\wamp\www\rangjiajie\shop\Runtime\Cache\Index\ee5511f737b866921ae008633bf4d574.php 第 351 行.
NOTIC: [8] Undefined variable: goods E:\wamp\www\rangjiajie\shop\Runtime\Cache\Index\ee5511f737b866921ae008633bf4d574.php 第 354 行.
NOTIC: [8] Undefined variable: goods E:\wamp\www\rangjiajie\shop\Runtime\Cache\Index\ee5511f737b866921ae008633bf4d574.php 第 358 行.
NOTIC: [8] Undefined variable: goods E:\wamp\www\rangjiajie\shop\Runtime\Cache\Index\ee5511f737b866921ae008633bf4d574.php 第 360 行.
INFO: ParseTemplate Behavior ::run [ RunTime:0.102476s ]
INFO: [ view_parse ] --END-- [ RunTime:0.102628s ]
INFO: [ view_filter ] --START--
INFO: ContentReplace Behavior ::run [ RunTime:0.012695s ]
INFO: TokenBuild Behavior ::run [ RunTime:0.003998s ]
INFO: WriteHtmlCache Behavior ::run [ RunTime:0.003769s ]
INFO: ShowRuntime Behavior ::run [ RunTime:0.003649s ]
INFO: [ view_filter ] --END-- [ RunTime:0.024495s ]
INFO: [ view_end ] --START--
INFO: ShowPageTrace Behavior ::run [ RunTime:0.003581s ]
INFO: [ view_end ] --END-- [ RunTime:0.003713s ]

[ 2013-12-04T14:16:52+08:00 ] 127.0.0.1 /rangjiajie/index.php/Admin
INFO: [ route_check ] --START--
INFO: CheckRoute Behavior ::run [ RunTime:0.055348s ]
INFO: [ route_check ] --END-- [ RunTime:0.055634s ]
NOTIC: [8] Use of undefined constant URL_CALLBACK - assumed 'URL_CALLBACK' E:\wamp\www\rangjiajie\shop\Modules\Admin\Conf\config.php 第 22 行.
NOTIC: [8] Use of undefined constant URL_CALLBACK - assumed 'URL_CALLBACK' E:\wamp\www\rangjiajie\shop\Modules\Admin\Conf\config.php 第 28 行.
INFO: [ app_begin ] --START--
INFO: ReadHtmlCache Behavior ::run [ RunTime:0.006268s ]
INFO: [ app_begin ] --END-- [ RunTime:0.006549s ]
INFO: [ view_parse ] --START--
INFO: ParseTemplate Behavior ::run [ RunTime:0.039975s ]
INFO: [ view_parse ] --END-- [ RunTime:0.040156s ]
INFO: [ view_filter ] --START--
INFO: ContentReplace Behavior ::run [ RunTime:0.003510s ]
INFO: TokenBuild Behavior ::run [ RunTime:0.002798s ]
INFO: WriteHtmlCache Behavior ::run [ RunTime:0.003107s ]
INFO: ShowRuntime Behavior ::run [ RunTime:0.003090s ]
INFO: [ view_filter ] --END-- [ RunTime:0.012874s ]
INFO: [ view_end ] --START--
INFO: ShowPageTrace Behavior ::run [ RunTime:0.003219s ]
INFO: [ view_end ] --END-- [ RunTime:0.003348s ]

[ 2013-12-04T14:16:53+08:00 ] 127.0.0.1 /rangjiajie/index.php/Admin/Node/index.html
INFO: [ route_check ] --START--
INFO: CheckRoute Behavior ::run [ RunTime:0.002900s ]
INFO: [ route_check ] --END-- [ RunTime:0.003049s ]
NOTIC: [8] Use of undefined constant URL_CALLBACK - assumed 'URL_CALLBACK' E:\wamp\www\rangjiajie\shop\Modules\Admin\Conf\config.php 第 22 行.
NOTIC: [8] Use of undefined constant URL_CALLBACK - assumed 'URL_CALLBACK' E:\wamp\www\rangjiajie\shop\Modules\Admin\Conf\config.php 第 28 行.
INFO: [ app_begin ] --START--
INFO: ReadHtmlCache Behavior ::run [ RunTime:0.003418s ]
INFO: [ app_begin ] --END-- [ RunTime:0.003567s ]
INFO: [ view_parse ] --START--
INFO: ParseTemplate Behavior ::run [ RunTime:0.068988s ]
INFO: [ view_parse ] --END-- [ RunTime:0.069289s ]
INFO: [ view_filter ] --START--
INFO: ContentReplace Behavior ::run [ RunTime:0.003089s ]
INFO: TokenBuild Behavior ::run [ RunTime:0.004103s ]
INFO: WriteHtmlCache Behavior ::run [ RunTime:0.010716s ]
INFO: ShowRuntime Behavior ::run [ RunTime:0.002463s ]
INFO: [ view_filter ] --END-- [ RunTime:0.025540s ]
INFO: [ view_end ] --START--
INFO: ShowPageTrace Behavior ::run [ RunTime:0.002818s ]
INFO: [ view_end ] --END-- [ RunTime:0.002950s ]

[ 2013-12-04T14:17:03+08:00 ] 127.0.0.1 /rangjiajie/index.php/Admin/Node/index.html
INFO: [ route_check ] --START--
INFO: CheckRoute Behavior ::run [ RunTime:0.004875s ]
INFO: [ route_check ] --END-- [ RunTime:0.009944s ]
NOTIC: [8] Use of undefined constant URL_CALLBACK - assumed 'URL_CALLBACK' E:\wamp\www\rangjiajie\shop\Modules\Admin\Conf\config.php 第 22 行.
NOTIC: [8] Use of undefined constant URL_CALLBACK - assumed 'URL_CALLBACK' E:\wamp\www\rangjiajie\shop\Modules\Admin\Conf\config.php 第 28 行.
INFO: [ app_begin ] --START--
INFO: ReadHtmlCache Behavior ::run [ RunTime:0.008402s ]
INFO: [ app_begin ] --END-- [ RunTime:0.008639s ]
INFO: [ view_parse ] --START--
INFO: ParseTemplate Behavior ::run [ RunTime:0.036489s ]
INFO: [ view_parse ] --END-- [ RunTime:0.036763s ]
INFO: [ view_filter ] --START--
INFO: ContentReplace Behavior ::run [ RunTime:0.007234s ]
INFO: TokenBuild Behavior ::run [ RunTime:0.004289s ]
INFO: WriteHtmlCache Behavior ::run [ RunTime:0.004165s ]
INFO: ShowRuntime Behavior ::run [ RunTime:0.004604s ]
INFO: [ view_filter ] --END-- [ RunTime:0.020964s ]
INFO: [ view_end ] --START--
INFO: ShowPageTrace Behavior ::run [ RunTime:0.007228s ]
INFO: [ view_end ] --END-- [ RunTime:0.007389s ]

[ 2013-12-04T14:17:03+08:00 ] 127.0.0.1 /rangjiajie/index.php/Admin/Node/index.html
INFO: [ route_check ] --START--
INFO: CheckRoute Behavior ::run [ RunTime:0.004215s ]
INFO: [ route_check ] --END-- [ RunTime:0.004435s ]
NOTIC: [8] Use of undefined constant URL_CALLBACK - assumed 'URL_CALLBACK' E:\wamp\www\rangjiajie\shop\Modules\Admin\Conf\config.php 第 22 行.
NOTIC: [8] Use of undefined constant URL_CALLBACK - assumed 'URL_CALLBACK' E:\wamp\www\rangjiajie\shop\Modules\Admin\Conf\config.php 第 28 行.
INFO: [ app_begin ] --START--
INFO: ReadHtmlCache Behavior ::run [ RunTime:0.003085s ]
INFO: [ app_begin ] --END-- [ RunTime:0.003286s ]
INFO: [ view_parse ] --START--
INFO: ParseTemplate Behavior ::run [ RunTime:0.076893s ]
INFO: [ view_parse ] --END-- [ RunTime:0.077070s ]
INFO: [ view_filter ] --START--
INFO: ContentReplace Behavior ::run [ RunTime:0.003005s ]
INFO: TokenBuild Behavior ::run [ RunTime:0.003413s ]
INFO: WriteHtmlCache Behavior ::run [ RunTime:0.002839s ]
INFO: ShowRuntime Behavior ::run [ RunTime:0.003021s ]
INFO: [ view_filter ] --END-- [ RunTime:0.012721s ]
INFO: [ view_end ] --START--
INFO: ShowPageTrace Behavior ::run [ RunTime:0.003340s ]
INFO: [ view_end ] --END-- [ RunTime:0.003519s ]

[ 2013-12-04T14:17:04+08:00 ] 127.0.0.1 /rangjiajie/index.php/Admin/Menu/index.html
INFO: [ route_check ] --START--
INFO: CheckRoute Behavior ::run [ RunTime:0.006252s ]
INFO: [ route_check ] --END-- [ RunTime:0.006516s ]
NOTIC: [8] Use of undefined constant URL_CALLBACK - assumed 'URL_CALLBACK' E:\wamp\www\rangjiajie\shop\Modules\Admin\Conf\config.php 第 22 行.
NOTIC: [8] Use of undefined constant URL_CALLBACK - assumed 'URL_CALLBACK' E:\wamp\www\rangjiajie\shop\Modules\Admin\Conf\config.php 第 28 行.
INFO: [ app_begin ] --START--
INFO: ReadHtmlCache Behavior ::run [ RunTime:0.003744s ]
INFO: [ app_begin ] --END-- [ RunTime:0.003919s ]
INFO: [ view_parse ] --START--
INFO: ParseTemplate Behavior ::run [ RunTime:0.051805s ]
INFO: [ view_parse ] --END-- [ RunTime:0.051984s ]
INFO: [ view_filter ] --START--
INFO: ContentReplace Behavior ::run [ RunTime:0.006124s ]
INFO: TokenBuild Behavior ::run [ RunTime:0.007027s ]
INFO: WriteHtmlCache Behavior ::run [ RunTime:0.003827s ]
INFO: ShowRuntime Behavior ::run [ RunTime:0.003152s ]
INFO: [ view_filter ] --END-- [ RunTime:0.020601s ]
INFO: [ view_end ] --START--
INFO: ShowPageTrace Behavior ::run [ RunTime:0.005315s ]
INFO: [ view_end ] --END-- [ RunTime:0.005537s ]

[ 2013-12-04T14:17:05+08:00 ] 127.0.0.1 /rangjiajie/index.php/Admin/Node/index.html
INFO: [ route_check ] --START--
INFO: CheckRoute Behavior ::run [ RunTime:0.005329s ]
INFO: [ route_check ] --END-- [ RunTime:0.005583s ]
NOTIC: [8] Use of undefined constant URL_CALLBACK - assumed 'URL_CALLBACK' E:\wamp\www\rangjiajie\shop\Modules\Admin\Conf\config.php 第 22 行.
NOTIC: [8] Use of undefined constant URL_CALLBACK - assumed 'URL_CALLBACK' E:\wamp\www\rangjiajie\shop\Modules\Admin\Conf\config.php 第 28 行.
INFO: [ app_begin ] --START--
INFO: ReadHtmlCache Behavior ::run [ RunTime:0.006581s ]
INFO: [ app_begin ] --END-- [ RunTime:0.006872s ]
INFO: [ view_parse ] --START--
INFO: ParseTemplate Behavior ::run [ RunTime:0.036109s ]
INFO: [ view_parse ] --END-- [ RunTime:0.036358s ]
INFO: [ view_filter ] --START--
INFO: ContentReplace Behavior ::run [ RunTime:0.003543s ]
INFO: TokenBuild Behavior ::run [ RunTime:0.003813s ]
INFO: WriteHtmlCache Behavior ::run [ RunTime:0.005358s ]
INFO: ShowRuntime Behavior ::run [ RunTime:0.005537s ]
INFO: [ view_filter ] --END-- [ RunTime:0.018821s ]
INFO: [ view_end ] --START--
INFO: ShowPageTrace Behavior ::run [ RunTime:0.006780s ]
INFO: [ view_end ] --END-- [ RunTime:0.006964s ]

[ 2013-12-04T14:17:06+08:00 ] 127.0.0.1 /rangjiajie/index.php/Admin/Node/index.html
INFO: [ route_check ] --START--
INFO: CheckRoute Behavior ::run [ RunTime:0.008627s ]
INFO: [ route_check ] --END-- [ RunTime:0.008806s ]
NOTIC: [8] Use of undefined constant URL_CALLBACK - assumed 'URL_CALLBACK' E:\wamp\www\rangjiajie\shop\Modules\Admin\Conf\config.php 第 22 行.
NOTIC: [8] Use of undefined constant URL_CALLBACK - assumed 'URL_CALLBACK' E:\wamp\www\rangjiajie\shop\Modules\Admin\Conf\config.php 第 28 行.
INFO: [ app_begin ] --START--
INFO: ReadHtmlCache Behavior ::run [ RunTime:0.005909s ]
INFO: [ app_begin ] --END-- [ RunTime:0.006087s ]
INFO: [ view_parse ] --START--
INFO: ParseTemplate Behavior ::run [ RunTime:0.058550s ]
INFO: [ view_parse ] --END-- [ RunTime:0.058789s ]
INFO: [ view_filter ] --START--
INFO: ContentReplace Behavior ::run [ RunTime:0.003281s ]
INFO: TokenBuild Behavior ::run [ RunTime:0.004931s ]
INFO: WriteHtmlCache Behavior ::run [ RunTime:0.004831s ]
INFO: ShowRuntime Behavior ::run [ RunTime:0.003709s ]
INFO: [ view_filter ] --END-- [ RunTime:0.017242s ]
INFO: [ view_end ] --START--
INFO: ShowPageTrace Behavior ::run [ RunTime:0.006102s ]
INFO: [ view_end ] --END-- [ RunTime:0.006285s ]

[ 2013-12-04T15:16:31+08:00 ] 127.0.0.1 /rangjiajie/index.php/Admin
INFO: [ route_check ] --START--
INFO: CheckRoute Behavior ::run [ RunTime:0.004750s ]
INFO: [ route_check ] --END-- [ RunTime:0.004968s ]
NOTIC: [8] Use of undefined constant URL_CALLBACK - assumed 'URL_CALLBACK' E:\wamp\www\rangjiajie\shop\Modules\Admin\Conf\config.php 第 22 行.
NOTIC: [8] Use of undefined constant URL_CALLBACK - assumed 'URL_CALLBACK' E:\wamp\www\rangjiajie\shop\Modules\Admin\Conf\config.php 第 28 行.
INFO: [ app_begin ] --START--
INFO: ReadHtmlCache Behavior ::run [ RunTime:0.002991s ]
INFO: [ app_begin ] --END-- [ RunTime:0.003172s ]
INFO: [ view_parse ] --START--
INFO: ParseTemplate Behavior ::run [ RunTime:0.022187s ]
INFO: [ view_parse ] --END-- [ RunTime:0.022354s ]
INFO: [ view_filter ] --START--
INFO: ContentReplace Behavior ::run [ RunTime:0.002666s ]
INFO: TokenBuild Behavior ::run [ RunTime:0.002580s ]
INFO: WriteHtmlCache Behavior ::run [ RunTime:0.002809s ]
INFO: ShowRuntime Behavior ::run [ RunTime:0.003753s ]
INFO: [ view_filter ] --END-- [ RunTime:0.012216s ]
INFO: [ view_end ] --START--
INFO: ShowPageTrace Behavior ::run [ RunTime:0.002524s ]
INFO: [ view_end ] --END-- [ RunTime:0.002643s ]

[ 2013-12-04T15:16:32+08:00 ] 127.0.0.1 /rangjiajie/index.php/Admin/Node/index.html
INFO: [ route_check ] --START--
INFO: CheckRoute Behavior ::run [ RunTime:0.004620s ]
INFO: [ route_check ] --END-- [ RunTime:0.004845s ]
NOTIC: [8] Use of undefined constant URL_CALLBACK - assumed 'URL_CALLBACK' E:\wamp\www\rangjiajie\shop\Modules\Admin\Conf\config.php 第 22 行.
NOTIC: [8] Use of undefined constant URL_CALLBACK - assumed 'URL_CALLBACK' E:\wamp\www\rangjiajie\shop\Modules\Admin\Conf\config.php 第 28 行.
INFO: [ app_begin ] --START--
INFO: ReadHtmlCache Behavior ::run [ RunTime:0.008956s ]
INFO: [ app_begin ] --END-- [ RunTime:0.009218s ]
INFO: [ view_parse ] --START--
INFO: ParseTemplate Behavior ::run [ RunTime:0.055839s ]
INFO: [ view_parse ] --END-- [ RunTime:0.056096s ]
INFO: [ view_filter ] --START--
INFO: ContentReplace Behavior ::run [ RunTime:0.002799s ]
INFO: TokenBuild Behavior ::run [ RunTime:0.002441s ]
INFO: WriteHtmlCache Behavior ::run [ RunTime:0.002679s ]
INFO: ShowRuntime Behavior ::run [ RunTime:0.003124s ]
INFO: [ view_filter ] --END-- [ RunTime:0.011438s ]
INFO: [ view_end ] --START--
INFO: ShowPageTrace Behavior ::run [ RunTime:0.002869s ]
INFO: [ view_end ] --END-- [ RunTime:0.003020s ]

[ 2013-12-04T15:16:48+08:00 ] 127.0.0.1 /rangjiajie/index.php/Admin/Node/index.html
INFO: [ route_check ] --START--
INFO: CheckRoute Behavior ::run [ RunTime:0.003636s ]
INFO: [ route_check ] --END-- [ RunTime:0.003852s ]
NOTIC: [8] Use of undefined constant URL_CALLBACK - assumed 'URL_CALLBACK' E:\wamp\www\rangjiajie\shop\Modules\Admin\Conf\config.php 第 22 行.
NOTIC: [8] Use of undefined constant URL_CALLBACK - assumed 'URL_CALLBACK' E:\wamp\www\rangjiajie\shop\Modules\Admin\Conf\config.php 第 28 行.
INFO: [ app_begin ] --START--
INFO: ReadHtmlCache Behavior ::run [ RunTime:0.004605s ]
INFO: [ app_begin ] --END-- [ RunTime:0.004897s ]
INFO: [ view_parse ] --START--
INFO: ParseTemplate Behavior ::run [ RunTime:0.032995s ]
INFO: [ view_parse ] --END-- [ RunTime:0.033359s ]
INFO: [ view_filter ] --START--
INFO: ContentReplace Behavior ::run [ RunTime:0.005929s ]
INFO: TokenBuild Behavior ::run [ RunTime:0.003823s ]
INFO: WriteHtmlCache Behavior ::run [ RunTime:0.002732s ]
INFO: ShowRuntime Behavior ::run [ RunTime:0.004651s ]
INFO: [ view_filter ] --END-- [ RunTime:0.017763s ]
INFO: [ view_end ] --START--
INFO: ShowPageTrace Behavior ::run [ RunTime:0.004103s ]
INFO: [ view_end ] --END-- [ RunTime:0.004300s ]

[ 2013-12-04T15:30:52+08:00 ] 127.0.0.1 /rangjiajie/index.php/Admin/Node/index.html
INFO: [ route_check ] --START--
INFO: CheckRoute Behavior ::run [ RunTime:0.017512s ]
INFO: [ route_check ] --END-- [ RunTime:0.017662s ]
NOTIC: [8] Use of undefined constant URL_CALLBACK - assumed 'URL_CALLBACK' E:\wamp\www\rangjiajie\shop\Modules\Admin\Conf\config.php 第 22 行.
NOTIC: [8] Use of undefined constant URL_CALLBACK - assumed 'URL_CALLBACK' E:\wamp\www\rangjiajie\shop\Modules\Admin\Conf\config.php 第 28 行.
INFO: [ app_begin ] --START--
INFO: ReadHtmlCache Behavior ::run [ RunTime:0.002545s ]
INFO: [ app_begin ] --END-- [ RunTime:0.002693s ]
INFO: [ view_parse ] --START--
INFO: ParseTemplate Behavior ::run [ RunTime:0.021105s ]
INFO: [ view_parse ] --END-- [ RunTime:0.021262s ]
INFO: [ view_filter ] --START--
INFO: ContentReplace Behavior ::run [ RunTime:0.001849s ]
INFO: TokenBuild Behavior ::run [ RunTime:0.001890s ]
INFO: WriteHtmlCache Behavior ::run [ RunTime:0.001559s ]
INFO: ShowRuntime Behavior ::run [ RunTime:0.001816s ]
INFO: [ view_filter ] --END-- [ RunTime:0.007432s ]
INFO: [ view_end ] --START--
INFO: ShowPageTrace Behavior ::run [ RunTime:0.001935s ]
INFO: [ view_end ] --END-- [ RunTime:0.002047s ]

[ 2013-12-04T15:31:01+08:00 ] 127.0.0.1 /rangjiajie/index.php/Admin/Node/index.html
INFO: [ route_check ] --START--
INFO: CheckRoute Behavior ::run [ RunTime:0.002702s ]
INFO: [ route_check ] --END-- [ RunTime:0.002849s ]
NOTIC: [8] Use of undefined constant URL_CALLBACK - assumed 'URL_CALLBACK' E:\wamp\www\rangjiajie\shop\Modules\Admin\Conf\config.php 第 22 行.
NOTIC: [8] Use of undefined constant URL_CALLBACK - assumed 'URL_CALLBACK' E:\wamp\www\rangjiajie\shop\Modules\Admin\Conf\config.php 第 28 行.
INFO: [ app_begin ] --START--
INFO: ReadHtmlCache Behavior ::run [ RunTime:0.003561s ]
INFO: [ app_begin ] --END-- [ RunTime:0.003819s ]
INFO: [ view_parse ] --START--
INFO: ParseTemplate Behavior ::run [ RunTime:0.031477s ]
INFO: [ view_parse ] --END-- [ RunTime:0.031654s ]
INFO: [ view_filter ] --START--
INFO: ContentReplace Behavior ::run [ RunTime:0.002028s ]
INFO: TokenBuild Behavior ::run [ RunTime:0.002468s ]
INFO: WriteHtmlCache Behavior ::run [ RunTime:0.002195s ]
INFO: ShowRuntime Behavior ::run [ RunTime:0.005097s ]
INFO: [ view_filter ] --END-- [ RunTime:0.012386s ]
INFO: [ view_end ] --START--
INFO: ShowPageTrace Behavior ::run [ RunTime:0.003552s ]
INFO: [ view_end ] --END-- [ RunTime:0.003688s ]

[ 2013-12-04T15:31:02+08:00 ] 127.0.0.1 /rangjiajie/index.php/Admin/Node/index.html
INFO: [ route_check ] --START--
INFO: CheckRoute Behavior ::run [ RunTime:0.003564s ]
INFO: [ route_check ] --END-- [ RunTime:0.006249s ]
NOTIC: [8] Use of undefined constant URL_CALLBACK - assumed 'URL_CALLBACK' E:\wamp\www\rangjiajie\shop\Modules\Admin\Conf\config.php 第 22 行.
NOTIC: [8] Use of undefined constant URL_CALLBACK - assumed 'URL_CALLBACK' E:\wamp\www\rangjiajie\shop\Modules\Admin\Conf\config.php 第 28 行.
INFO: [ app_begin ] --START--
INFO: ReadHtmlCache Behavior ::run [ RunTime:0.002703s ]
INFO: [ app_begin ] --END-- [ RunTime:0.002886s ]
INFO: [ view_parse ] --START--
INFO: ParseTemplate Behavior ::run [ RunTime:0.027287s ]
INFO: [ view_parse ] --END-- [ RunTime:0.027526s ]
INFO: [ view_filter ] --START--
INFO: ContentReplace Behavior ::run [ RunTime:0.003654s ]
INFO: TokenBuild Behavior ::run [ RunTime:0.002750s ]
INFO: WriteHtmlCache Behavior ::run [ RunTime:0.002376s ]
INFO: ShowRuntime Behavior ::run [ RunTime:0.002810s ]
INFO: [ view_filter ] --END-- [ RunTime:0.012433s ]
INFO: [ view_end ] --START--
INFO: ShowPageTrace Behavior ::run [ RunTime:0.003654s ]
INFO: [ view_end ] --END-- [ RunTime:0.004668s ]

[ 2013-12-04T15:31:05+08:00 ] 127.0.0.1 /rangjiajie/index.php/Admin/Node/index.html
INFO: [ route_check ] --START--
INFO: CheckRoute Behavior ::run [ RunTime:0.002088s ]
INFO: [ route_check ] --END-- [ RunTime:0.002223s ]
NOTIC: [8] Use of undefined constant URL_CALLBACK - assumed 'URL_CALLBACK' E:\wamp\www\rangjiajie\shop\Modules\Admin\Conf\config.php 第 22 行.
NOTIC: [8] Use of undefined constant URL_CALLBACK - assumed 'URL_CALLBACK' E:\wamp\www\rangjiajie\shop\Modules\Admin\Conf\config.php 第 28 行.
INFO: [ app_begin ] --START--
INFO: ReadHtmlCache Behavior ::run [ RunTime:0.002224s ]
INFO: [ app_begin ] --END-- [ RunTime:0.002391s ]
INFO: [ view_parse ] --START--
INFO: ParseTemplate Behavior ::run [ RunTime:0.017681s ]
INFO: [ view_parse ] --END-- [ RunTime:0.017835s ]
INFO: [ view_filter ] --START--
INFO: ContentReplace Behavior ::run [ RunTime:0.001717s ]
INFO: TokenBuild Behavior ::run [ RunTime:0.001823s ]
INFO: WriteHtmlCache Behavior ::run [ RunTime:0.001729s ]
INFO: ShowRuntime Behavior ::run [ RunTime:0.001856s ]
INFO: [ view_filter ] --END-- [ RunTime:0.007449s ]
INFO: [ view_end ] --START--
INFO: ShowPageTrace Behavior ::run [ RunTime:0.002003s ]
INFO: [ view_end ] --END-- [ RunTime:0.002115s ]

[ 2013-12-04T15:35:07+08:00 ] 127.0.0.1 /rangjiajie/index.php/Admin/Node/index.html
INFO: [ route_check ] --START--
INFO: CheckRoute Behavior ::run [ RunTime:0.002643s ]
INFO: [ route_check ] --END-- [ RunTime:0.002811s ]
NOTIC: [8] Use of undefined constant URL_CALLBACK - assumed 'URL_CALLBACK' E:\wamp\www\rangjiajie\shop\Modules\Admin\Conf\config.php 第 22 行.
NOTIC: [8] Use of undefined constant URL_CALLBACK - assumed 'URL_CALLBACK' E:\wamp\www\rangjiajie\shop\Modules\Admin\Conf\config.php 第 28 行.
INFO: [ app_begin ] --START--
INFO: ReadHtmlCache Behavior ::run [ RunTime:0.003213s ]
INFO: [ app_begin ] --END-- [ RunTime:0.003372s ]
INFO: [ view_parse ] --START--
INFO: ParseTemplate Behavior ::run [ RunTime:0.018688s ]
INFO: [ view_parse ] --END-- [ RunTime:0.018847s ]
INFO: [ view_filter ] --START--
INFO: ContentReplace Behavior ::run [ RunTime:0.002261s ]
INFO: TokenBuild Behavior ::run [ RunTime:0.002161s ]
INFO: WriteHtmlCache Behavior ::run [ RunTime:0.001977s ]
INFO: ShowRuntime Behavior ::run [ RunTime:0.002046s ]
INFO: [ view_filter ] --END-- [ RunTime:0.008863s ]
INFO: [ view_end ] --START--
INFO: ShowPageTrace Behavior ::run [ RunTime:0.001986s ]
INFO: [ view_end ] --END-- [ RunTime:0.002113s ]

[ 2013-12-04T15:35:08+08:00 ] 127.0.0.1 /rangjiajie/index.php/Admin/Node/index.html
INFO: [ route_check ] --START--
INFO: CheckRoute Behavior ::run [ RunTime:0.002802s ]
INFO: [ route_check ] --END-- [ RunTime:0.003023s ]
NOTIC: [8] Use of undefined constant URL_CALLBACK - assumed 'URL_CALLBACK' E:\wamp\www\rangjiajie\shop\Modules\Admin\Conf\config.php 第 22 行.
NOTIC: [8] Use of undefined constant URL_CALLBACK - assumed 'URL_CALLBACK' E:\wamp\www\rangjiajie\shop\Modules\Admin\Conf\config.php 第 28 行.
INFO: [ app_begin ] --START--
INFO: ReadHtmlCache Behavior ::run [ RunTime:0.002296s ]
INFO: [ app_begin ] --END-- [ RunTime:0.002472s ]
INFO: [ view_parse ] --START--
INFO: ParseTemplate Behavior ::run [ RunTime:0.024125s ]
INFO: [ view_parse ] --END-- [ RunTime:0.024323s ]
INFO: [ view_filter ] --START--
INFO: ContentReplace Behavior ::run [ RunTime:0.001830s ]
INFO: TokenBuild Behavior ::run [ RunTime:0.002022s ]
INFO: WriteHtmlCache Behavior ::run [ RunTime:0.002016s ]
INFO: ShowRuntime Behavior ::run [ RunTime:0.001931s ]
INFO: [ view_filter ] --END-- [ RunTime:0.008146s ]
INFO: [ view_end ] --START--
INFO: ShowPageTrace Behavior ::run [ RunTime:0.002152s ]
INFO: [ view_end ] --END-- [ RunTime:0.002289s ]

[ 2013-12-04T15:35:09+08:00 ] 127.0.0.1 /rangjiajie/index.php/Admin/Node/index.html
INFO: [ route_check ] --START--
INFO: CheckRoute Behavior ::run [ RunTime:0.003130s ]
INFO: [ route_check ] --END-- [ RunTime:0.003398s ]
NOTIC: [8] Use of undefined constant URL_CALLBACK - assumed 'URL_CALLBACK' E:\wamp\www\rangjiajie\shop\Modules\Admin\Conf\config.php 第 22 行.
NOTIC: [8] Use of undefined constant URL_CALLBACK - assumed 'URL_CALLBACK' E:\wamp\www\rangjiajie\shop\Modules\Admin\Conf\config.php 第 28 行.
INFO: [ app_begin ] --START--
INFO: ReadHtmlCache Behavior ::run [ RunTime:0.002674s ]
INFO: [ app_begin ] --END-- [ RunTime:0.002958s ]
INFO: [ view_parse ] --START--
INFO: ParseTemplate Behavior ::run [ RunTime:0.028482s ]
INFO: [ view_parse ] --END-- [ RunTime:0.028697s ]
INFO: [ view_filter ] --START--
INFO: ContentReplace Behavior ::run [ RunTime:0.003083s ]
INFO: TokenBuild Behavior ::run [ RunTime:0.004039s ]
INFO: WriteHtmlCache Behavior ::run [ RunTime:0.003924s ]
INFO: ShowRuntime Behavior ::run [ RunTime:0.003647s ]
INFO: [ view_filter ] --END-- [ RunTime:0.015324s ]
INFO: [ view_end ] --START--
INFO: ShowPageTrace Behavior ::run [ RunTime:0.003358s ]
INFO: [ view_end ] --END-- [ RunTime:0.003499s ]

[ 2013-12-04T15:35:09+08:00 ] 127.0.0.1 /rangjiajie/index.php/Admin/Node/index.html
INFO: [ route_check ] --START--
INFO: CheckRoute Behavior ::run [ RunTime:0.003887s ]
INFO: [ route_check ] --END-- [ RunTime:0.004128s ]
NOTIC: [8] Use of undefined constant URL_CALLBACK - assumed 'URL_CALLBACK' E:\wamp\www\rangjiajie\shop\Modules\Admin\Conf\config.php 第 22 行.
NOTIC: [8] Use of undefined constant URL_CALLBACK - assumed 'URL_CALLBACK' E:\wamp\www\rangjiajie\shop\Modules\Admin\Conf\config.php 第 28 行.
INFO: [ app_begin ] --START--
INFO: ReadHtmlCache Behavior ::run [ RunTime:0.003340s ]
INFO: [ app_begin ] --END-- [ RunTime:0.003551s ]
INFO: [ view_parse ] --START--
INFO: ParseTemplate Behavior ::run [ RunTime:0.018541s ]
INFO: [ view_parse ] --END-- [ RunTime:0.018718s ]
INFO: [ view_filter ] --START--
INFO: ContentReplace Behavior ::run [ RunTime:0.002159s ]
INFO: TokenBuild Behavior ::run [ RunTime:0.002127s ]
INFO: WriteHtmlCache Behavior ::run [ RunTime:0.002481s ]
INFO: ShowRuntime Behavior ::run [ RunTime:0.002474s ]
INFO: [ view_filter ] --END-- [ RunTime:0.009707s ]
INFO: [ view_end ] --START--
INFO: ShowPageTrace Behavior ::run [ RunTime:0.002258s ]
INFO: [ view_end ] --END-- [ RunTime:0.002370s ]

[ 2013-12-04T15:35:11+08:00 ] 127.0.0.1 /rangjiajie/index.php/Admin/Node/index.html
INFO: [ route_check ] --START--
INFO: CheckRoute Behavior ::run [ RunTime:0.002659s ]
INFO: [ route_check ] --END-- [ RunTime:0.002824s ]
NOTIC: [8] Use of undefined constant URL_CALLBACK - assumed 'URL_CALLBACK' E:\wamp\www\rangjiajie\shop\Modules\Admin\Conf\config.php 第 22 行.
NOTIC: [8] Use of undefined constant URL_CALLBACK - assumed 'URL_CALLBACK' E:\wamp\www\rangjiajie\shop\Modules\Admin\Conf\config.php 第 28 行.
INFO: [ app_begin ] --START--
INFO: ReadHtmlCache Behavior ::run [ RunTime:0.002276s ]
INFO: [ app_begin ] --END-- [ RunTime:0.002440s ]
INFO: [ view_parse ] --START--
INFO: ParseTemplate Behavior ::run [ RunTime:0.032071s ]
INFO: [ view_parse ] --END-- [ RunTime:0.032250s ]
INFO: [ view_filter ] --START--
INFO: ContentReplace Behavior ::run [ RunTime:0.002245s ]
INFO: TokenBuild Behavior ::run [ RunTime:0.002163s ]
INFO: WriteHtmlCache Behavior ::run [ RunTime:0.002881s ]
INFO: ShowRuntime Behavior ::run [ RunTime:0.007836s ]
INFO: [ view_filter ] --END-- [ RunTime:0.017438s ]
INFO: [ view_end ] --START--
INFO: ShowPageTrace Behavior ::run [ RunTime:0.004796s ]
INFO: [ view_end ] --END-- [ RunTime:0.004995s ]

[ 2013-12-04T15:35:13+08:00 ] 127.0.0.1 /rangjiajie/index.php/Admin/Node/index.html
INFO: [ route_check ] --START--
INFO: CheckRoute Behavior ::run [ RunTime:0.002831s ]
INFO: [ route_check ] --END-- [ RunTime:0.003065s ]
NOTIC: [8] Use of undefined constant URL_CALLBACK - assumed 'URL_CALLBACK' E:\wamp\www\rangjiajie\shop\Modules\Admin\Conf\config.php 第 22 行.
NOTIC: [8] Use of undefined constant URL_CALLBACK - assumed 'URL_CALLBACK' E:\wamp\www\rangjiajie\shop\Modules\Admin\Conf\config.php 第 28 行.
INFO: [ app_begin ] --START--
INFO: ReadHtmlCache Behavior ::run [ RunTime:0.002988s ]
INFO: [ app_begin ] --END-- [ RunTime:0.003164s ]
INFO: [ view_parse ] --START--
INFO: ParseTemplate Behavior ::run [ RunTime:0.050052s ]
INFO: [ view_parse ] --END-- [ RunTime:0.050517s ]
INFO: [ view_filter ] --START--
INFO: ContentReplace Behavior ::run [ RunTime:0.002371s ]
INFO: TokenBuild Behavior ::run [ RunTime:0.001994s ]
INFO: WriteHtmlCache Behavior ::run [ RunTime:0.001843s ]
INFO: ShowRuntime Behavior ::run [ RunTime:0.002378s ]
INFO: [ view_filter ] --END-- [ RunTime:0.008977s ]
INFO: [ view_end ] --START--
INFO: ShowPageTrace Behavior ::run [ RunTime:0.002781s ]
INFO: [ view_end ] --END-- [ RunTime:0.002924s ]

[ 2013-12-04T15:37:23+08:00 ] 127.0.0.1 /rangjiajie/index.php/Admin/Node/index.html
INFO: [ route_check ] --START--
INFO: CheckRoute Behavior ::run [ RunTime:0.003050s ]
INFO: [ route_check ] --END-- [ RunTime:0.003205s ]
NOTIC: [8] Use of undefined constant URL_CALLBACK - assumed 'URL_CALLBACK' E:\wamp\www\rangjiajie\shop\Modules\Admin\Conf\config.php 第 22 行.
NOTIC: [8] Use of undefined constant URL_CALLBACK - assumed 'URL_CALLBACK' E:\wamp\www\rangjiajie\shop\Modules\Admin\Conf\config.php 第 28 行.
INFO: [ app_begin ] --START--
INFO: ReadHtmlCache Behavior ::run [ RunTime:0.002471s ]
INFO: [ app_begin ] --END-- [ RunTime:0.002629s ]
INFO: [ view_parse ] --START--
INFO: ParseTemplate Behavior ::run [ RunTime:0.020874s ]
INFO: [ view_parse ] --END-- [ RunTime:0.021037s ]
INFO: [ view_filter ] --START--
INFO: ContentReplace Behavior ::run [ RunTime:0.002718s ]
INFO: TokenBuild Behavior ::run [ RunTime:0.002484s ]
INFO: WriteHtmlCache Behavior ::run [ RunTime:0.001957s ]
INFO: ShowRuntime Behavior ::run [ RunTime:0.002361s ]
INFO: [ view_filter ] --END-- [ RunTime:0.009860s ]
INFO: [ view_end ] --START--
INFO: ShowPageTrace Behavior ::run [ RunTime:0.002435s ]
INFO: [ view_end ] --END-- [ RunTime:0.002548s ]

[ 2013-12-04T15:37:28+08:00 ] 127.0.0.1 /rangjiajie/index.php/Admin/Node/index.html
INFO: [ route_check ] --START--
INFO: CheckRoute Behavior ::run [ RunTime:0.003445s ]
INFO: [ route_check ] --END-- [ RunTime:0.003724s ]
NOTIC: [8] Use of undefined constant URL_CALLBACK - assumed 'URL_CALLBACK' E:\wamp\www\rangjiajie\shop\Modules\Admin\Conf\config.php 第 22 行.
NOTIC: [8] Use of undefined constant URL_CALLBACK - assumed 'URL_CALLBACK' E:\wamp\www\rangjiajie\shop\Modules\Admin\Conf\config.php 第 28 行.
INFO: [ app_begin ] --START--
INFO: ReadHtmlCache Behavior ::run [ RunTime:0.002394s ]
INFO: [ app_begin ] --END-- [ RunTime:0.002574s ]
INFO: [ view_parse ] --START--
INFO: ParseTemplate Behavior ::run [ RunTime:0.075035s ]
INFO: [ view_parse ] --END-- [ RunTime:0.075255s ]
INFO: [ view_filter ] --START--
INFO: ContentReplace Behavior ::run [ RunTime:0.003418s ]
INFO: TokenBuild Behavior ::run [ RunTime:0.002493s ]
INFO: WriteHtmlCache Behavior ::run [ RunTime:0.002616s ]
INFO: ShowRuntime Behavior ::run [ RunTime:0.004904s ]
INFO: [ view_filter ] --END-- [ RunTime:0.013930s ]
INFO: [ view_end ] --START--
INFO: ShowPageTrace Behavior ::run [ RunTime:0.003398s ]
INFO: [ view_end ] --END-- [ RunTime:0.003535s ]

[ 2013-12-04T15:43:28+08:00 ] 127.0.0.1 /rangjiajie/index.php/Admin/Node/index.html
INFO: [ route_check ] --START--
INFO: CheckRoute Behavior ::run [ RunTime:0.002769s ]
INFO: [ route_check ] --END-- [ RunTime:0.002946s ]
NOTIC: [8] Use of undefined constant URL_CALLBACK - assumed 'URL_CALLBACK' E:\wamp\www\rangjiajie\shop\Modules\Admin\Conf\config.php 第 22 行.
NOTIC: [8] Use of undefined constant URL_CALLBACK - assumed 'URL_CALLBACK' E:\wamp\www\rangjiajie\shop\Modules\Admin\Conf\config.php 第 28 行.
INFO: [ app_begin ] --START--
INFO: ReadHtmlCache Behavior ::run [ RunTime:0.002090s ]
INFO: [ app_begin ] --END-- [ RunTime:0.002232s ]
INFO: [ view_parse ] --START--
INFO: ParseTemplate Behavior ::run [ RunTime:0.018349s ]
INFO: [ view_parse ] --END-- [ RunTime:0.018503s ]
INFO: [ view_filter ] --START--
INFO: ContentReplace Behavior ::run [ RunTime:0.002807s ]
INFO: TokenBuild Behavior ::run [ RunTime:0.002014s ]
INFO: WriteHtmlCache Behavior ::run [ RunTime:0.001585s ]
INFO: ShowRuntime Behavior ::run [ RunTime:0.001939s ]
INFO: [ view_filter ] --END-- [ RunTime:0.008705s ]
INFO: [ view_end ] --START--
INFO: ShowPageTrace Behavior ::run [ RunTime:0.002245s ]
INFO: [ view_end ] --END-- [ RunTime:0.002374s ]

[ 2013-12-04T15:49:06+08:00 ] 127.0.0.1 /rangjiajie/index.php/Admin/Node/index.html
INFO: [ route_check ] --START--
INFO: CheckRoute Behavior ::run [ RunTime:0.002399s ]
INFO: [ route_check ] --END-- [ RunTime:0.002547s ]
NOTIC: [8] Use of undefined constant URL_CALLBACK - assumed 'URL_CALLBACK' E:\wamp\www\rangjiajie\shop\Modules\Admin\Conf\config.php 第 22 行.
NOTIC: [8] Use of undefined constant URL_CALLBACK - assumed 'URL_CALLBACK' E:\wamp\www\rangjiajie\shop\Modules\Admin\Conf\config.php 第 28 行.
INFO: [ app_begin ] --START--
INFO: ReadHtmlCache Behavior ::run [ RunTime:0.002204s ]
INFO: [ app_begin ] --END-- [ RunTime:0.002374s ]
INFO: [ view_parse ] --START--
INFO: ParseTemplate Behavior ::run [ RunTime:0.016665s ]
INFO: [ view_parse ] --END-- [ RunTime:0.016820s ]
INFO: [ view_filter ] --START--
INFO: ContentReplace Behavior ::run [ RunTime:0.001728s ]
INFO: TokenBuild Behavior ::run [ RunTime:0.001861s ]
INFO: WriteHtmlCache Behavior ::run [ RunTime:0.001743s ]
INFO: ShowRuntime Behavior ::run [ RunTime:0.001902s ]
INFO: [ view_filter ] --END-- [ RunTime:0.007613s ]
INFO: [ view_end ] --START--
INFO: ShowPageTrace Behavior ::run [ RunTime:0.001931s ]
INFO: [ view_end ] --END-- [ RunTime:0.002047s ]

[ 2013-12-04T15:52:36+08:00 ] 127.0.0.1 /rangjiajie/index.php/Admin/Node/index.html
INFO: [ route_check ] --START--
INFO: CheckRoute Behavior ::run [ RunTime:0.007280s ]
INFO: [ route_check ] --END-- [ RunTime:0.007458s ]
NOTIC: [8] Use of undefined constant URL_CALLBACK - assumed 'URL_CALLBACK' E:\wamp\www\rangjiajie\shop\Modules\Admin\Conf\config.php 第 22 行.
NOTIC: [8] Use of undefined constant URL_CALLBACK - assumed 'URL_CALLBACK' E:\wamp\www\rangjiajie\shop\Modules\Admin\Conf\config.php 第 28 行.
INFO: [ app_begin ] --START--
INFO: ReadHtmlCache Behavior ::run [ RunTime:0.002879s ]
INFO: [ app_begin ] --END-- [ RunTime:0.003037s ]
INFO: [ view_parse ] --START--
INFO: ParseTemplate Behavior ::run [ RunTime:0.029376s ]
INFO: [ view_parse ] --END-- [ RunTime:0.029624s ]
INFO: [ view_filter ] --START--
INFO: ContentReplace Behavior ::run [ RunTime:0.002414s ]
INFO: TokenBuild Behavior ::run [ RunTime:0.002031s ]
INFO: WriteHtmlCache Behavior ::run [ RunTime:0.001611s ]
INFO: ShowRuntime Behavior ::run [ RunTime:0.002108s ]
INFO: [ view_filter ] --END-- [ RunTime:0.008594s ]
INFO: [ view_end ] --START--
INFO: ShowPageTrace Behavior ::run [ RunTime:0.002428s ]
INFO: [ view_end ] --END-- [ RunTime:0.002612s ]

[ 2013-12-04T15:52:46+08:00 ] 127.0.0.1 /rangjiajie/index.php/Admin/Node/index.html
INFO: [ route_check ] --START--
INFO: CheckRoute Behavior ::run [ RunTime:0.003277s ]
INFO: [ route_check ] --END-- [ RunTime:0.003565s ]
NOTIC: [8] Use of undefined constant URL_CALLBACK - assumed 'URL_CALLBACK' E:\wamp\www\rangjiajie\shop\Modules\Admin\Conf\config.php 第 22 行.
NOTIC: [8] Use of undefined constant URL_CALLBACK - assumed 'URL_CALLBACK' E:\wamp\www\rangjiajie\shop\Modules\Admin\Conf\config.php 第 28 行.
INFO: [ app_begin ] --START--
INFO: ReadHtmlCache Behavior ::run [ RunTime:0.006597s ]
INFO: [ app_begin ] --END-- [ RunTime:0.006752s ]
INFO: [ view_parse ] --START--
INFO: ParseTemplate Behavior ::run [ RunTime:0.041903s ]
INFO: [ view_parse ] --END-- [ RunTime:0.042146s ]
INFO: [ view_filter ] --START--
INFO: ContentReplace Behavior ::run [ RunTime:0.002966s ]
INFO: TokenBuild Behavior ::run [ RunTime:0.002857s ]
INFO: WriteHtmlCache Behavior ::run [ RunTime:0.003078s ]
INFO: ShowRuntime Behavior ::run [ RunTime:0.003130s ]
INFO: [ view_filter ] --END-- [ RunTime:0.012681s ]
INFO: [ view_end ] --START--
INFO: ShowPageTrace Behavior ::run [ RunTime:0.002484s ]
INFO: [ view_end ] --END-- [ RunTime:0.002619s ]

[ 2013-12-04T15:52:48+08:00 ] 127.0.0.1 /rangjiajie/index.php/Admin/Node/index.html
INFO: [ route_check ] --START--
INFO: CheckRoute Behavior ::run [ RunTime:0.003097s ]
INFO: [ route_check ] --END-- [ RunTime:0.003284s ]
NOTIC: [8] Use of undefined constant URL_CALLBACK - assumed 'URL_CALLBACK' E:\wamp\www\rangjiajie\shop\Modules\Admin\Conf\config.php 第 22 行.
NOTIC: [8] Use of undefined constant URL_CALLBACK - assumed 'URL_CALLBACK' E:\wamp\www\rangjiajie\shop\Modules\Admin\Conf\config.php 第 28 行.
INFO: [ app_begin ] --START--
INFO: ReadHtmlCache Behavior ::run [ RunTime:0.003755s ]
INFO: [ app_begin ] --END-- [ RunTime:0.003962s ]
INFO: [ view_parse ] --START--
INFO: ParseTemplate Behavior ::run [ RunTime:0.050283s ]
INFO: [ view_parse ] --END-- [ RunTime:0.050456s ]
INFO: [ view_filter ] --START--
INFO: ContentReplace Behavior ::run [ RunTime:0.002312s ]
INFO: TokenBuild Behavior ::run [ RunTime:0.002453s ]
INFO: WriteHtmlCache Behavior ::run [ RunTime:0.004192s ]
INFO: ShowRuntime Behavior ::run [ RunTime:0.002328s ]
INFO: [ view_filter ] --END-- [ RunTime:0.011682s ]
INFO: [ view_end ] --START--
INFO: ShowPageTrace Behavior ::run [ RunTime:0.004740s ]
INFO: [ view_end ] --END-- [ RunTime:0.004881s ]

[ 2013-12-04T15:52:49+08:00 ] 127.0.0.1 /rangjiajie/index.php/Admin/Node/index.html
INFO: [ route_check ] --START--
INFO: CheckRoute Behavior ::run [ RunTime:0.004193s ]
INFO: [ route_check ] --END-- [ RunTime:0.004560s ]
NOTIC: [8] Use of undefined constant URL_CALLBACK - assumed 'URL_CALLBACK' E:\wamp\www\rangjiajie\shop\Modules\Admin\Conf\config.php 第 22 行.
NOTIC: [8] Use of undefined constant URL_CALLBACK - assumed 'URL_CALLBACK' E:\wamp\www\rangjiajie\shop\Modules\Admin\Conf\config.php 第 28 行.
INFO: [ app_begin ] --START--
INFO: ReadHtmlCache Behavior ::run [ RunTime:0.004070s ]
INFO: [ app_begin ] --END-- [ RunTime:0.004319s ]
INFO: [ view_parse ] --START--
INFO: ParseTemplate Behavior ::run [ RunTime:0.039653s ]
INFO: [ view_parse ] --END-- [ RunTime:0.039886s ]
INFO: [ view_filter ] --START--
INFO: ContentReplace Behavior ::run [ RunTime:0.002002s ]
INFO: TokenBuild Behavior ::run [ RunTime:0.001952s ]
INFO: WriteHtmlCache Behavior ::run [ RunTime:0.003719s ]
INFO: ShowRuntime Behavior ::run [ RunTime:0.004395s ]
INFO: [ view_filter ] --END-- [ RunTime:0.012510s ]
INFO: [ view_end ] --START--
INFO: ShowPageTrace Behavior ::run [ RunTime:0.003712s ]
INFO: [ view_end ] --END-- [ RunTime:0.003853s ]

[ 2013-12-04T15:52:54+08:00 ] 127.0.0.1 /rangjiajie/index.php/Admin/Menu/index.html
INFO: [ route_check ] --START--
INFO: CheckRoute Behavior ::run [ RunTime:0.002573s ]
INFO: [ route_check ] --END-- [ RunTime:0.002739s ]
NOTIC: [8] Use of undefined constant URL_CALLBACK - assumed 'URL_CALLBACK' E:\wamp\www\rangjiajie\shop\Modules\Admin\Conf\config.php 第 22 行.
NOTIC: [8] Use of undefined constant URL_CALLBACK - assumed 'URL_CALLBACK' E:\wamp\www\rangjiajie\shop\Modules\Admin\Conf\config.php 第 28 行.
INFO: [ app_begin ] --START--
INFO: ReadHtmlCache Behavior ::run [ RunTime:0.002088s ]
INFO: [ app_begin ] --END-- [ RunTime:0.002233s ]
INFO: [ view_parse ] --START--
INFO: ParseTemplate Behavior ::run [ RunTime:0.092888s ]
INFO: [ view_parse ] --END-- [ RunTime:0.093146s ]
INFO: [ view_filter ] --START--
INFO: ContentReplace Behavior ::run [ RunTime:0.003039s ]
INFO: TokenBuild Behavior ::run [ RunTime:0.002631s ]
INFO: WriteHtmlCache Behavior ::run [ RunTime:0.005499s ]
INFO: ShowRuntime Behavior ::run [ RunTime:0.002616s ]
INFO: [ view_filter ] --END-- [ RunTime:0.014496s ]
INFO: [ view_end ] --START--
INFO: ShowPageTrace Behavior ::run [ RunTime:0.002226s ]
INFO: [ view_end ] --END-- [ RunTime:0.002343s ]

