[ 2013-12-22T21:24:18+08:00 ] 127.0.0.1 /rangjiajie/index.php/Admin/Login/checkusername
INFO: [ app_begin ] --START--
INFO: ReadHtmlCache Behavior ::run [ RunTime:0.001883s ]
INFO: [ app_begin ] --END-- [ RunTime:0.001962s ]
SQL: SHOW COLUMNS FROM `ws_admin` [ RunTime:0.008036s ]
SQL: SELECT * FROM `ws_admin` WHERE ( `username` = 'rangjiajie' ) LIMIT 1   [ RunTime:0.000657s ]

[ 2013-12-22T21:24:23+08:00 ] 127.0.0.1 /rangjiajie/index.php/Admin/Login/checkcode
INFO: [ app_begin ] --START--
INFO: ReadHtmlCache Behavior ::run [ RunTime:0.001820s ]
INFO: [ app_begin ] --END-- [ RunTime:0.001931s ]

[ 2013-12-22T21:24:28+08:00 ] 127.0.0.1 /rangjiajie/index.php/Admin/Login/checkcode
INFO: [ app_begin ] --START--
INFO: ReadHtmlCache Behavior ::run [ RunTime:0.002523s ]
INFO: [ app_begin ] --END-- [ RunTime:0.002636s ]

[ 2013-12-22T21:24:33+08:00 ] 127.0.0.1 /rangjiajie/index.php/Admin/Login/checkusername
INFO: [ app_begin ] --START--
INFO: ReadHtmlCache Behavior ::run [ RunTime:0.002046s ]
INFO: [ app_begin ] --END-- [ RunTime:0.002158s ]
SQL: SHOW COLUMNS FROM `ws_admin` [ RunTime:0.007463s ]
SQL: SELECT * FROM `ws_admin` WHERE ( `username` = 'zqq' ) LIMIT 1   [ RunTime:0.000447s ]

