[ 2013-12-05T10:21:18+08:00 ] 127.0.0.1 /rangjiajie/index.php/Admin/Node/index.html
INFO: [ route_check ] --START--
INFO: CheckRoute Behavior ::run [ RunTime:0.037938s ]
INFO: [ route_check ] --END-- [ RunTime:0.345520s ]
INFO: [ app_begin ] --START--
INFO: ReadHtmlCache Behavior ::run [ RunTime:0.015624s ]
INFO: [ app_begin ] --END-- [ RunTime:0.015893s ]
INFO: [ view_parse ] --START--
INFO: ParseTemplate Behavior ::run [ RunTime:0.292449s ]
INFO: [ view_parse ] --END-- [ RunTime:0.292772s ]
INFO: [ view_filter ] --START--
INFO: ContentReplace Behavior ::run [ RunTime:0.025419s ]
INFO: TokenBuild Behavior ::run [ RunTime:0.004308s ]
INFO: WriteHtmlCache Behavior ::run [ RunTime:0.003548s ]
INFO: ShowRuntime Behavior ::run [ RunTime:0.006166s ]
INFO: [ view_filter ] --END-- [ RunTime:0.040129s ]
INFO: [ view_end ] --START--
INFO: ShowPageTrace Behavior ::run [ RunTime:0.013681s ]
INFO: [ view_end ] --END-- [ RunTime:0.013852s ]

[ 2013-12-05T10:22:39+08:00 ] 127.0.0.1 /rangjiajie/index.php/Admin/Node/index.html
INFO: [ route_check ] --START--
INFO: CheckRoute Behavior ::run [ RunTime:0.005199s ]
INFO: [ route_check ] --END-- [ RunTime:0.005458s ]
INFO: [ app_begin ] --START--
INFO: ReadHtmlCache Behavior ::run [ RunTime:0.002752s ]
INFO: [ app_begin ] --END-- [ RunTime:0.002942s ]
INFO: [ view_parse ] --START--
INFO: ParseTemplate Behavior ::run [ RunTime:0.021014s ]
INFO: [ view_parse ] --END-- [ RunTime:0.021175s ]
INFO: [ view_filter ] --START--
INFO: ContentReplace Behavior ::run [ RunTime:0.001844s ]
INFO: TokenBuild Behavior ::run [ RunTime:0.003399s ]
INFO: WriteHtmlCache Behavior ::run [ RunTime:0.001558s ]
INFO: ShowRuntime Behavior ::run [ RunTime:0.001850s ]
INFO: [ view_filter ] --END-- [ RunTime:0.009003s ]
INFO: [ view_end ] --START--
INFO: ShowPageTrace Behavior ::run [ RunTime:0.001917s ]
INFO: [ view_end ] --END-- [ RunTime:0.002034s ]

[ 2013-12-05T10:32:10+08:00 ] 127.0.0.1 /rangjiajie/index.php/Admin/Node/edit.html
INFO: [ route_check ] --START--
INFO: CheckRoute Behavior ::run [ RunTime:0.018216s ]
INFO: [ route_check ] --END-- [ RunTime:0.018502s ]
INFO: [ app_begin ] --START--
INFO: ReadHtmlCache Behavior ::run [ RunTime:0.020816s ]
INFO: [ app_begin ] --END-- [ RunTime:0.021118s ]
NOTIC: [8] Constant THEME_NAME already defined E:\wamp\www\rangjiajie\ThinkPHP\Lib\Core\View.class.php 第 223 行.
NOTIC: [8] Constant THEME_PATH already defined E:\wamp\www\rangjiajie\ThinkPHP\Lib\Core\View.class.php 第 171 行.
NOTIC: [8] Constant APP_TMPL_PATH already defined E:\wamp\www\rangjiajie\ThinkPHP\Lib\Core\View.class.php 第 172 行.
INFO: [ view_parse ] --START--
INFO: ParseTemplate Behavior ::run [ RunTime:0.111670s ]
INFO: [ view_parse ] --END-- [ RunTime:0.111990s ]
INFO: [ view_filter ] --START--
INFO: ContentReplace Behavior ::run [ RunTime:0.041162s ]
INFO: TokenBuild Behavior ::run [ RunTime:0.041396s ]
INFO: WriteHtmlCache Behavior ::run [ RunTime:0.004778s ]
INFO: ShowRuntime Behavior ::run [ RunTime:0.004689s ]
INFO: [ view_filter ] --END-- [ RunTime:0.092742s ]
INFO: [ view_end ] --START--
INFO: ShowPageTrace Behavior ::run [ RunTime:0.004863s ]
INFO: [ view_end ] --END-- [ RunTime:0.005103s ]

[ 2013-12-05T16:40:34+08:00 ] 127.0.0.1 /rangjiajie/index.php/Admin
INFO: [ route_check ] --START--
INFO: CheckRoute Behavior ::run [ RunTime:0.027971s ]
INFO: [ route_check ] --END-- [ RunTime:0.136936s ]
NOTIC: [8] Use of undefined constant URL_CALLBACK - assumed 'URL_CALLBACK' E:\wamp\www\rangjiajie\shop\Modules\Admin\Conf\config.php 第 22 行.
NOTIC: [8] Use of undefined constant URL_CALLBACK - assumed 'URL_CALLBACK' E:\wamp\www\rangjiajie\shop\Modules\Admin\Conf\config.php 第 28 行.
INFO: [ app_begin ] --START--
INFO: ReadHtmlCache Behavior ::run [ RunTime:0.005362s ]
INFO: [ app_begin ] --END-- [ RunTime:0.005666s ]
INFO: [ view_parse ] --START--
INFO: ParseTemplate Behavior ::run [ RunTime:0.224284s ]
INFO: [ view_parse ] --END-- [ RunTime:0.224478s ]
INFO: [ view_filter ] --START--
INFO: ContentReplace Behavior ::run [ RunTime:0.020863s ]
INFO: TokenBuild Behavior ::run [ RunTime:0.005501s ]
INFO: WriteHtmlCache Behavior ::run [ RunTime:0.003683s ]
INFO: ShowRuntime Behavior ::run [ RunTime:0.003114s ]
INFO: [ view_filter ] --END-- [ RunTime:0.033607s ]
INFO: [ view_end ] --START--
INFO: ShowPageTrace Behavior ::run [ RunTime:0.049307s ]
INFO: [ view_end ] --END-- [ RunTime:0.049581s ]

[ 2013-12-05T16:40:34+08:00 ] 127.0.0.1 /rangjiajie/index.php/Admin/Node/index.html
INFO: [ route_check ] --START--
INFO: CheckRoute Behavior ::run [ RunTime:0.021298s ]
INFO: [ route_check ] --END-- [ RunTime:0.031506s ]
NOTIC: [8] Use of undefined constant URL_CALLBACK - assumed 'URL_CALLBACK' E:\wamp\www\rangjiajie\shop\Modules\Admin\Conf\config.php 第 22 行.
NOTIC: [8] Use of undefined constant URL_CALLBACK - assumed 'URL_CALLBACK' E:\wamp\www\rangjiajie\shop\Modules\Admin\Conf\config.php 第 28 行.
INFO: [ app_begin ] --START--
INFO: ReadHtmlCache Behavior ::run [ RunTime:0.038100s ]
INFO: [ app_begin ] --END-- [ RunTime:0.038348s ]
INFO: [ view_parse ] --START--
INFO: ParseTemplate Behavior ::run [ RunTime:0.088704s ]
INFO: [ view_parse ] --END-- [ RunTime:0.088995s ]
INFO: [ view_filter ] --START--
INFO: ContentReplace Behavior ::run [ RunTime:0.003260s ]
INFO: TokenBuild Behavior ::run [ RunTime:0.002145s ]
INFO: WriteHtmlCache Behavior ::run [ RunTime:0.001644s ]
INFO: ShowRuntime Behavior ::run [ RunTime:0.001817s ]
INFO: [ view_filter ] --END-- [ RunTime:0.009263s ]
INFO: [ view_end ] --START--
INFO: ShowPageTrace Behavior ::run [ RunTime:0.002956s ]
INFO: [ view_end ] --END-- [ RunTime:0.003093s ]

[ 2013-12-05T16:40:52+08:00 ] 127.0.0.1 /rangjiajie/index.php/Admin/Goods/index
INFO: [ route_check ] --START--
INFO: CheckRoute Behavior ::run [ RunTime:0.012828s ]
INFO: [ route_check ] --END-- [ RunTime:0.012983s ]
NOTIC: [8] Use of undefined constant URL_CALLBACK - assumed 'URL_CALLBACK' E:\wamp\www\rangjiajie\shop\Modules\Admin\Conf\config.php 第 22 行.
NOTIC: [8] Use of undefined constant URL_CALLBACK - assumed 'URL_CALLBACK' E:\wamp\www\rangjiajie\shop\Modules\Admin\Conf\config.php 第 28 行.
INFO: [ app_begin ] --START--
INFO: ReadHtmlCache Behavior ::run [ RunTime:0.002048s ]
INFO: [ app_begin ] --END-- [ RunTime:0.002186s ]
NOTIC: [2] mysql_connect(): Access denied for user 'rangjiajie'@'localhost' (using password: YES) E:\wamp\www\rangjiajie\ThinkPHP\Lib\Driver\Db\DbMysql.class.php 第 55 行.
ERR: Access denied for user 'rangjiajie'@'localhost' (using password: YES)

[ 2013-12-05T16:42:24+08:00 ] 127.0.0.1 /rangjiajie/index.php/Admin
INFO: [ route_check ] --START--
INFO: CheckRoute Behavior ::run [ RunTime:0.002559s ]
INFO: [ route_check ] --END-- [ RunTime:0.002711s ]
NOTIC: [8] Use of undefined constant URL_CALLBACK - assumed 'URL_CALLBACK' E:\wamp\www\rangjiajie\shop\Modules\Admin\Conf\config.php 第 22 行.
NOTIC: [8] Use of undefined constant URL_CALLBACK - assumed 'URL_CALLBACK' E:\wamp\www\rangjiajie\shop\Modules\Admin\Conf\config.php 第 28 行.
INFO: [ app_begin ] --START--
INFO: ReadHtmlCache Behavior ::run [ RunTime:0.002136s ]
INFO: [ app_begin ] --END-- [ RunTime:0.002280s ]
INFO: [ view_parse ] --START--
INFO: ParseTemplate Behavior ::run [ RunTime:0.021272s ]
INFO: [ view_parse ] --END-- [ RunTime:0.021435s ]
INFO: [ view_filter ] --START--
INFO: ContentReplace Behavior ::run [ RunTime:0.001813s ]
INFO: TokenBuild Behavior ::run [ RunTime:0.001892s ]
INFO: WriteHtmlCache Behavior ::run [ RunTime:0.001599s ]
INFO: ShowRuntime Behavior ::run [ RunTime:0.001876s ]
INFO: [ view_filter ] --END-- [ RunTime:0.007532s ]
INFO: [ view_end ] --START--
INFO: ShowPageTrace Behavior ::run [ RunTime:0.003051s ]
INFO: [ view_end ] --END-- [ RunTime:0.003185s ]

[ 2013-12-05T16:42:25+08:00 ] 127.0.0.1 /rangjiajie/index.php/Admin/Goods/index
INFO: [ route_check ] --START--
INFO: CheckRoute Behavior ::run [ RunTime:0.004605s ]
INFO: [ route_check ] --END-- [ RunTime:0.005275s ]
NOTIC: [8] Use of undefined constant URL_CALLBACK - assumed 'URL_CALLBACK' E:\wamp\www\rangjiajie\shop\Modules\Admin\Conf\config.php 第 22 行.
NOTIC: [8] Use of undefined constant URL_CALLBACK - assumed 'URL_CALLBACK' E:\wamp\www\rangjiajie\shop\Modules\Admin\Conf\config.php 第 28 行.
INFO: [ app_begin ] --START--
INFO: ReadHtmlCache Behavior ::run [ RunTime:0.004516s ]
INFO: [ app_begin ] --END-- [ RunTime:0.004845s ]
NOTIC: [2] mysql_connect(): Access denied for user 'rangjiajie'@'localhost' (using password: YES) E:\wamp\www\rangjiajie\ThinkPHP\Lib\Driver\Db\DbMysql.class.php 第 55 行.
ERR: Access denied for user 'rangjiajie'@'localhost' (using password: YES)

[ 2013-12-05T16:43:55+08:00 ] 127.0.0.1 /rangjiajie/index.php/Admin
INFO: [ route_check ] --START--
INFO: CheckRoute Behavior ::run [ RunTime:0.002642s ]
INFO: [ route_check ] --END-- [ RunTime:0.002826s ]
NOTIC: [8] Use of undefined constant URL_CALLBACK - assumed 'URL_CALLBACK' E:\wamp\www\rangjiajie\shop\Modules\Admin\Conf\config.php 第 22 行.
NOTIC: [8] Use of undefined constant URL_CALLBACK - assumed 'URL_CALLBACK' E:\wamp\www\rangjiajie\shop\Modules\Admin\Conf\config.php 第 28 行.
INFO: [ app_begin ] --START--
INFO: ReadHtmlCache Behavior ::run [ RunTime:0.004900s ]
INFO: [ app_begin ] --END-- [ RunTime:0.005067s ]
INFO: [ view_parse ] --START--
INFO: ParseTemplate Behavior ::run [ RunTime:0.020229s ]
INFO: [ view_parse ] --END-- [ RunTime:0.020401s ]
INFO: [ view_filter ] --START--
INFO: ContentReplace Behavior ::run [ RunTime:0.002513s ]
INFO: TokenBuild Behavior ::run [ RunTime:0.001783s ]
INFO: WriteHtmlCache Behavior ::run [ RunTime:0.001621s ]
INFO: ShowRuntime Behavior ::run [ RunTime:0.001984s ]
INFO: [ view_filter ] --END-- [ RunTime:0.008268s ]
INFO: [ view_end ] --START--
INFO: ShowPageTrace Behavior ::run [ RunTime:0.001946s ]
INFO: [ view_end ] --END-- [ RunTime:0.002098s ]

[ 2013-12-05T16:43:57+08:00 ] 127.0.0.1 /rangjiajie/index.php/Admin/Goods/index
INFO: [ route_check ] --START--
INFO: CheckRoute Behavior ::run [ RunTime:0.002888s ]
INFO: [ route_check ] --END-- [ RunTime:0.003065s ]
NOTIC: [8] Use of undefined constant URL_CALLBACK - assumed 'URL_CALLBACK' E:\wamp\www\rangjiajie\shop\Modules\Admin\Conf\config.php 第 22 行.
NOTIC: [8] Use of undefined constant URL_CALLBACK - assumed 'URL_CALLBACK' E:\wamp\www\rangjiajie\shop\Modules\Admin\Conf\config.php 第 28 行.
INFO: [ app_begin ] --START--
INFO: ReadHtmlCache Behavior ::run [ RunTime:0.002790s ]
INFO: [ app_begin ] --END-- [ RunTime:0.002991s ]
SQL: SHOW COLUMNS FROM `ws_goods` [ RunTime:0.180599s ]
SQL: SELECT * FROM `ws_goods`  [ RunTime:0.000466s ]
INFO: [ view_parse ] --START--
INFO: ParseTemplate Behavior ::run [ RunTime:0.098103s ]
INFO: [ view_parse ] --END-- [ RunTime:0.098269s ]
INFO: [ view_filter ] --START--
INFO: ContentReplace Behavior ::run [ RunTime:0.002027s ]
INFO: TokenBuild Behavior ::run [ RunTime:0.001887s ]
INFO: WriteHtmlCache Behavior ::run [ RunTime:0.001972s ]
INFO: ShowRuntime Behavior ::run [ RunTime:0.002833s ]
INFO: [ view_filter ] --END-- [ RunTime:0.009099s ]
INFO: [ view_end ] --START--
INFO: ShowPageTrace Behavior ::run [ RunTime:0.002028s ]
INFO: [ view_end ] --END-- [ RunTime:0.002138s ]

